2022-11-09 22:35:44.662  INFO 925327 --- [           main] c.i.s.v.d.SDWanDriverTest      : Starting SDWanDriverTest using Java 11.0.16 on Dev-Mahesh1.fyre.ibm.com with PID 925327 (started by root in /root/repo/velocloud/SDWAN_IBM_REPO/velocloud-sdwan-driver)
2022-11-09 22:35:44.671 DEBUG 925327 --- [           main] c.i.s.v.d.SDWanDriverTest      : Running with Spring Boot v2.7.5, Spring v5.3.23
2022-11-09 22:35:44.680  INFO 925327 --- [           main] c.i.s.v.d.SDWanDriverTest      : No active profile set, falling back to 1 default profile: "default"
2022-11-09 22:35:48.329  WARN 925327 --- [           main] etailsServiceAutoConfiguration : 

Using generated security password: f6254204-bbe5-4d94-bdcc-78b2cda932e5

This generated password is for development use only. Your security configuration must be updated before running your application in production.

2022-11-09 22:35:52.089  INFO 925327 --- [           main] c.i.s.v.d.SDWanDriverTest      : Started SDWanDriverTest in 9.77 seconds (JVM running for 12.171)
2022-11-09 22:35:52.699  WARN 925327 --- [ntainer#0-0-C-1] o.a.k.c.NetworkClient          : [Consumer clientId=consumer-${spring.application.name}-1, groupId=${spring.application.name}] Connection to node -1 (localhost/127.0.0.1:9092) could not be established. Broker may not be available.
2022-11-09 22:35:52.705  WARN 925327 --- [ntainer#0-0-C-1] o.a.k.c.NetworkClient          : [Consumer clientId=consumer-${spring.application.name}-1, groupId=${spring.application.name}] Bootstrap broker localhost:9092 (id: -1 rack: null) disconnected
2022-11-09 22:35:52.799  WARN 925327 --- [ntainer#0-0-C-1] o.a.k.c.NetworkClient          : [Consumer clientId=consumer-${spring.application.name}-1, groupId=${spring.application.name}] Connection to node -1 (localhost/127.0.0.1:9092) could not be established. Broker may not be available.
2022-11-09 22:35:52.800  WARN 925327 --- [ntainer#0-0-C-1] o.a.k.c.NetworkClient          : [Consumer clientId=consumer-${spring.application.name}-1, groupId=${spring.application.name}] Bootstrap broker localhost:9092 (id: -1 rack: null) disconnected
2022-11-09 22:35:52.954  WARN 925327 --- [ntainer#0-0-C-1] o.a.k.c.NetworkClient          : [Consumer clientId=consumer-${spring.application.name}-1, groupId=${spring.application.name}] Connection to node -1 (localhost/127.0.0.1:9092) could not be established. Broker may not be available.
2022-11-09 22:35:52.955  WARN 925327 --- [ntainer#0-0-C-1] o.a.k.c.NetworkClient          : [Consumer clientId=consumer-${spring.application.name}-1, groupId=${spring.application.name}] Bootstrap broker localhost:9092 (id: -1 rack: null) disconnected
2022-11-09 22:35:53.158  WARN 925327 --- [ntainer#0-0-C-1] o.a.k.c.NetworkClient          : [Consumer clientId=consumer-${spring.application.name}-1, groupId=${spring.application.name}] Connection to node -1 (localhost/127.0.0.1:9092) could not be established. Broker may not be available.
2022-11-09 22:35:53.159  WARN 925327 --- [ntainer#0-0-C-1] o.a.k.c.NetworkClient          : [Consumer clientId=consumer-${spring.application.name}-1, groupId=${spring.application.name}] Bootstrap broker localhost:9092 (id: -1 rack: null) disconnected
2022-11-09 22:35:53.400 DEBUG 925327 --- [           main] c.i.s.v.d.SDWanDriver          : url = http://localhost:8080/api/velocloud/configuration/updateConfigurationModule
2022-11-09 22:35:53.433  INFO 925327 --- [           main] c.i.s.v.u.LogUtils             : 
2022-11-09 22:35:53.480  INFO 925327 --- [           main] c.i.s.v.u.LogUtils             : null
2022-11-09 22:35:53.506 DEBUG 925327 --- [           main] c.i.s.v.d.SDWanDriver          : Exceuting GetEdge api call
2022-11-09 22:35:53.507 DEBUG 925327 --- [           main] c.i.s.v.d.SDWanDriver          : url = http://localhost:8080/api/velocloud/edge/getEdge
2022-11-09 22:35:53.508  INFO 925327 --- [           main] c.i.s.v.u.LogUtils             : 
2022-11-09 22:35:53.511  INFO 925327 --- [           main] c.i.s.v.u.LogUtils             : 
2022-11-09 22:35:53.523 DEBUG 925327 --- [           main] c.i.s.v.d.SDWanDriver          : url = http://localhost:8080/api/velocloud/edge/getEdgeConfigurationStack
2022-11-09 22:35:53.524  INFO 925327 --- [           main] c.i.s.v.u.LogUtils             : 
2022-11-09 22:35:53.526  INFO 925327 --- [           main] c.i.s.v.u.LogUtils             : 
2022-11-09 22:35:53.551 DEBUG 925327 --- [           main] c.i.s.v.d.SDWanDriver          : url = http://localhost:8080/api/velocloud/edge/deleteEdge
2022-11-09 22:35:53.552  INFO 925327 --- [           main] c.i.s.v.u.LogUtils             : 
2022-11-09 22:35:53.558  INFO 925327 --- [           main] c.i.s.v.u.LogUtils             : null
2022-11-09 22:35:53.560  WARN 925327 --- [           main] c.i.s.v.d.SDWanDriver          : Invalid status code [202 ACCEPTED] received, was expecting [200 OK]
2022-11-09 22:35:53.562  WARN 925327 --- [ntainer#0-0-C-1] o.a.k.c.NetworkClient          : [Consumer clientId=consumer-${spring.application.name}-1, groupId=${spring.application.name}] Connection to node -1 (localhost/127.0.0.1:9092) could not be established. Broker may not be available.
2022-11-09 22:35:53.563  WARN 925327 --- [ntainer#0-0-C-1] o.a.k.c.NetworkClient          : [Consumer clientId=consumer-${spring.application.name}-1, groupId=${spring.application.name}] Bootstrap broker localhost:9092 (id: -1 rack: null) disconnected
2022-11-09 22:35:53.569 DEBUG 925327 --- [           main] c.i.s.v.d.SDWanDriver          : url = http://localhost:8080/api/velocloud/edge/edgeProvision
2022-11-09 22:35:53.570  INFO 925327 --- [           main] c.i.s.v.u.LogUtils             : 
2022-11-09 22:35:53.573  INFO 925327 --- [           main] c.i.s.v.u.LogUtils             : test
2022-11-09 22:35:53.588 DEBUG 925327 --- [           main] c.i.s.v.d.SDWanDriver          : url = http://localhost:8080/api/velocloud/edge/getEdge
2022-11-09 22:35:53.589  INFO 925327 --- [           main] c.i.s.v.d.SDWanDriver          : Error message: 400 edge not found
2022-11-09 22:35:53.590  INFO 925327 --- [           main] c.i.s.v.d.SDWanDriver          : Status Code: 400 BAD_REQUEST
2022-11-09 22:35:53.606 DEBUG 925327 --- [           main] c.i.s.v.d.SDWanDriver          : url = http://localhost:8080/api/velocloud/edge/getEdge
2022-11-09 22:35:54.325 ERROR 925327 --- [           main] .v.d.SdwanResponseErrorHandler : Caught general exception when communicating with VELOCLOUD-SDWAN : java.lang.NullPointerException
2022-11-09 22:35:54.339 ERROR 925327 --- [           main] .v.d.SdwanResponseErrorHandler : Received sdwan-compliant error when communicating with VELOCLOUD-SDWAN : org.springframework.web.client.HttpClientErrorException$BadRequest: 400 Bad Request: "error"
2022-11-09 22:35:54.342 ERROR 925327 --- [           main] .v.d.SdwanResponseErrorHandler : detailedMessage: Bad Request: error
2022-11-09 22:35:54.429  INFO 925327 --- [           main] .v.d.w.LifecycleControllerTest : Starting LifecycleControllerTest using Java 11.0.16 on Dev-Mahesh1.fyre.ibm.com with PID 925327 (started by root in /root/repo/velocloud/SDWAN_IBM_REPO/velocloud-sdwan-driver)
2022-11-09 22:35:54.429 DEBUG 925327 --- [           main] .v.d.w.LifecycleControllerTest : Running with Spring Boot v2.7.5, Spring v5.3.23
2022-11-09 22:35:54.429  INFO 925327 --- [           main] .v.d.w.LifecycleControllerTest : The following 1 profile is active: "test"
2022-11-09 22:35:54.522  WARN 925327 --- [ntainer#0-0-C-1] o.a.k.c.NetworkClient          : [Consumer clientId=consumer-${spring.application.name}-1, groupId=${spring.application.name}] Connection to node -1 (localhost/127.0.0.1:9092) could not be established. Broker may not be available.
2022-11-09 22:35:54.522  WARN 925327 --- [ntainer#0-0-C-1] o.a.k.c.NetworkClient          : [Consumer clientId=consumer-${spring.application.name}-1, groupId=${spring.application.name}] Bootstrap broker localhost:9092 (id: -1 rack: null) disconnected
2022-11-09 22:35:55.487  WARN 925327 --- [ntainer#0-0-C-1] o.a.k.c.NetworkClient          : [Consumer clientId=consumer-${spring.application.name}-1, groupId=${spring.application.name}] Connection to node -1 (localhost/127.0.0.1:9092) could not be established. Broker may not be available.
2022-11-09 22:35:55.487  WARN 925327 --- [ntainer#0-0-C-1] o.a.k.c.NetworkClient          : [Consumer clientId=consumer-${spring.application.name}-1, groupId=${spring.application.name}] Bootstrap broker localhost:9092 (id: -1 rack: null) disconnected
2022-11-09 22:35:55.939  WARN 925327 --- [           main] etailsServiceAutoConfiguration : 

Using generated security password: 4c52a84c-4605-4749-a169-a86a23661cfe

This generated password is for development use only. Your security configuration must be updated before running your application in production.

2022-11-09 22:35:56.666  WARN 925327 --- [ntainer#0-0-C-1] o.a.k.c.NetworkClient          : [Consumer clientId=consumer-${spring.application.name}-1, groupId=${spring.application.name}] Connection to node -1 (localhost/127.0.0.1:9092) could not be established. Broker may not be available.
2022-11-09 22:35:56.666  WARN 925327 --- [ntainer#0-0-C-1] o.a.k.c.NetworkClient          : [Consumer clientId=consumer-${spring.application.name}-1, groupId=${spring.application.name}] Bootstrap broker localhost:9092 (id: -1 rack: null) disconnected
2022-11-09 22:35:57.044  WARN 925327 --- [ntainer#0-0-C-1] o.a.k.c.NetworkClient          : [Consumer clientId=consumer-${spring.application.name}-2, groupId=${spring.application.name}] Connection to node -1 (localhost/127.0.0.1:9092) could not be established. Broker may not be available.
2022-11-09 22:35:57.046  WARN 925327 --- [ntainer#0-0-C-1] o.a.k.c.NetworkClient          : [Consumer clientId=consumer-${spring.application.name}-2, groupId=${spring.application.name}] Bootstrap broker localhost:9092 (id: -1 rack: null) disconnected
2022-11-09 22:35:57.082  INFO 925327 --- [           main] .v.d.w.LifecycleControllerTest : Started LifecycleControllerTest in 2.708 seconds (JVM running for 17.164)
2022-11-09 22:35:57.144  WARN 925327 --- [ntainer#0-0-C-1] o.a.k.c.NetworkClient          : [Consumer clientId=consumer-${spring.application.name}-2, groupId=${spring.application.name}] Connection to node -1 (localhost/127.0.0.1:9092) could not be established. Broker may not be available.
2022-11-09 22:35:57.145  WARN 925327 --- [ntainer#0-0-C-1] o.a.k.c.NetworkClient          : [Consumer clientId=consumer-${spring.application.name}-2, groupId=${spring.application.name}] Bootstrap broker localhost:9092 (id: -1 rack: null) disconnected
2022-11-09 22:35:57.245  WARN 925327 --- [ntainer#0-0-C-1] o.a.k.c.NetworkClient          : [Consumer clientId=consumer-${spring.application.name}-2, groupId=${spring.application.name}] Connection to node -1 (localhost/127.0.0.1:9092) could not be established. Broker may not be available.
2022-11-09 22:35:57.246  WARN 925327 --- [ntainer#0-0-C-1] o.a.k.c.NetworkClient          : [Consumer clientId=consumer-${spring.application.name}-2, groupId=${spring.application.name}] Bootstrap broker localhost:9092 (id: -1 rack: null) disconnected
2022-11-09 22:35:57.514  WARN 925327 --- [ntainer#0-0-C-1] o.a.k.c.NetworkClient          : [Consumer clientId=consumer-${spring.application.name}-2, groupId=${spring.application.name}] Connection to node -1 (localhost/127.0.0.1:9092) could not be established. Broker may not be available.
2022-11-09 22:35:57.515  WARN 925327 --- [ntainer#0-0-C-1] o.a.k.c.NetworkClient          : [Consumer clientId=consumer-${spring.application.name}-2, groupId=${spring.application.name}] Bootstrap broker localhost:9092 (id: -1 rack: null) disconnected
2022-11-09 22:35:57.522  INFO 925327 --- [o-auto-1-exec-1] c.i.s.v.w.LifecycleController  : Received request to execute a lifecycle [Install] 
2022-11-09 22:35:57.523 DEBUG 925327 --- [o-auto-1-exec-1] c.i.s.v.w.LifecycleController  : Received tenantId [2] 
2022-11-09 22:35:57.528  INFO 925327 --- [o-auto-1-exec-1] c.i.s.v.w.LifecycleController  : httpserver [tenantId:"2"] 
2022-11-09 22:35:57.577  WARN 925327 --- [ntainer#0-0-C-1] o.a.k.c.NetworkClient          : [Consumer clientId=consumer-${spring.application.name}-1, groupId=${spring.application.name}] Connection to node -1 (localhost/127.0.0.1:9092) could not be established. Broker may not be available.
2022-11-09 22:35:57.578  WARN 925327 --- [ntainer#0-0-C-1] o.a.k.c.NetworkClient          : [Consumer clientId=consumer-${spring.application.name}-1, groupId=${spring.application.name}] Bootstrap broker localhost:9092 (id: -1 rack: null) disconnected
2022-11-09 22:35:57.704  INFO 925327 --- [o-auto-1-exec-2] c.i.s.v.w.LifecycleController  : Received request to execute a lifecycle [Install] 
2022-11-09 22:35:57.704 DEBUG 925327 --- [o-auto-1-exec-2] c.i.s.v.w.LifecycleController  : Received tenantId [1] 
2022-11-09 22:35:57.873  INFO 925327 --- [           main] v.s.LifecycleManagementService : Processing execution request
2022-11-09 22:35:57.888  INFO 925327 --- [           main] v.s.LifecycleManagementService : Processing execution request
2022-11-09 22:35:57.899  INFO 925327 --- [           main] v.s.LifecycleManagementService : Processing execution request
2022-11-09 22:35:57.910  INFO 925327 --- [           main] v.s.LifecycleManagementService : Processing execution request
2022-11-09 22:35:57.922  INFO 925327 --- [           main] v.s.LifecycleManagementService : Processing execution request
2022-11-09 22:35:57.931  INFO 925327 --- [           main] v.s.LifecycleManagementService : Processing execution request
2022-11-09 22:35:57.940  INFO 925327 --- [           main] v.s.LifecycleManagementService : Processing execution request
2022-11-09 22:35:57.948  INFO 925327 --- [           main] v.s.LifecycleManagementService : Processing execution request
2022-11-09 22:35:57.960  INFO 925327 --- [           main] v.s.LifecycleManagementService : Processing execution request
2022-11-09 22:35:57.975  INFO 925327 --- [           main] v.s.LifecycleManagementService : Processing execution request
2022-11-09 22:35:57.987  INFO 925327 --- [           main] v.s.LifecycleManagementService : Processing execution request
2022-11-09 22:35:58.020  WARN 925327 --- [ntainer#0-0-C-1] o.a.k.c.NetworkClient          : [Consumer clientId=consumer-${spring.application.name}-2, groupId=${spring.application.name}] Connection to node -1 (localhost/127.0.0.1:9092) could not be established. Broker may not be available.
2022-11-09 22:35:58.020  WARN 925327 --- [ntainer#0-0-C-1] o.a.k.c.NetworkClient          : [Consumer clientId=consumer-${spring.application.name}-2, groupId=${spring.application.name}] Bootstrap broker localhost:9092 (id: -1 rack: null) disconnected
2022-11-09 22:35:58.086  INFO 925327 --- [           main] s.v.s.OperationsPayloadService : moduleId : 456
2022-11-09 22:35:58.128  INFO 925327 --- [           main] s.v.s.OperationsPayloadService : moduleId : 456
2022-11-09 22:35:58.132  INFO 925327 --- [           main] s.v.s.OperationsPayloadService : null
2022-11-09 22:35:58.150  INFO 925327 --- [           main] s.v.s.OperationsPayloadService : moduleId : 456
2022-11-09 22:35:58.164  INFO 925327 --- [           main] s.v.s.OperationsPayloadService : moduleId : 456
2022-11-09 22:35:58.179 DEBUG 925327 --- [           main] s.v.s.OperationsPayloadService : Payload for getEdge API call GetEdgeRequest(enterpriseId=1, Id=123, activationKey=10.0.0.1/24)
2022-11-09 22:35:58.193  INFO 925327 --- [           main] s.v.s.OperationsPayloadService : moduleId : 456
2022-11-09 22:35:58.217  INFO 925327 --- [           main] s.v.s.OperationsPayloadService : moduleId : 456
2022-11-09 22:35:58.229  INFO 925327 --- [           main] s.v.s.OperationsPayloadService : null
2022-11-09 22:35:58.237 DEBUG 925327 --- [           main] s.v.s.OperationsPayloadService : Payload for getEdge API call GetEdgeRequest(enterpriseId=1, Id=123, activationKey=10.0.0.1/24)
2022-11-09 22:35:58.260  INFO 925327 --- [           main] s.v.s.OperationsPayloadService : moduleId : 456
2022-11-09 22:35:58.272  INFO 925327 --- [           main] s.v.s.OperationsPayloadService : moduleId : 456
2022-11-09 22:35:58.274  INFO 925327 --- [           main] s.v.s.OperationsPayloadService : 192.11.11.11
2022-11-09 22:35:58.274  INFO 925327 --- [           main] s.v.s.OperationsPayloadService : true
2022-11-09 22:35:58.274  INFO 925327 --- [           main] s.v.s.OperationsPayloadService : null
2022-11-09 22:35:58.274  INFO 925327 --- [           main] s.v.s.OperationsPayloadService : 255.255.255.0
2022-11-09 22:35:58.274  INFO 925327 --- [           main] s.v.s.OperationsPayloadService : false
2022-11-09 22:35:58.297 DEBUG 925327 --- [           main] vaMessageConversionServiceImpl : fullTemplateName  EdgeProvision.json 

2022-11-09 22:35:58.308 DEBUG 925327 --- [           main] vaMessageConversionServiceImpl : template file from ExecutionRequest {
  "enterpriseId": {{ enterpriseId }},
  "configurationId": {{ configurationId }},
  "name": {{ name }},
  "serialNumber": {{ serialNumber }},
  "modelNumber": {{ modelNumber }},
  "description": {{ description }},
  "site": {
  "id": {{ siteId }},
    "created": {{ siteCreated }},
    "logicalId": {{ siteLogicalId }},
    "city": {{ siteCity }},
    "contactEmail": {{ siteContactEmail }},
    "contactMobile": {{ siteContactMobile }},
    "contactName": {{ siteContactName }},
    "contactPhone": {{ siteContactPhone }},
    "country": {{ siteCountry }},
    "lat": {{ siteLat }},
    "lon": {{ siteLon }},
    "name": {{ siteName }},
    "postalCode": {{ sitePostalCode }},
    "state": {{ siteState }},
    "streetAddress": {{ siteStreetAddress }},
    "streetAddress2": {{ siteStreetAddress2 }},
    "timezone": {{ siteTimezone }},
    "locale": {{ siteLocale }},
    "shippingSameAsLocation": {{ siteShippingSameAsLocation }},
    "shippingContactName": {{ siteShippingSameAsLocation }},
    "shippingAddress": {{ siteShippingAddress }},
    "shippingAddress2": {{ siteShippingAddres2 }},
    "shippingCity": {{ siteShippingCity }},
    "shippingState": {{ siteshippingState }},
    "shippingCountry": {{ siteShippingCountry }},
    "shippingPostalCode": {{ siteShippingPostalCode }},
    "modified": {{ siteModified }}
  },
  "haEnabled": {{ hasEnabled }},
  "generateCertificate": {{ generateCertificate }},
  "subjectCN": {{ subjectCN }},
  "subjectO": {{ subjectO }},
  "subjectOU": {{ subjectOU }},
  "challengePassword": {{ challengePassword }},
  "privateKeyPassword": {{ privateKeyPassword }},
  "edgeLicenseId": {{ edgeLicenseId }},
  "customInfo": {{ customInfo }},
  "analyticsMode": {{ analyticsMode }},
  "generateToken": {{ generateToken }}
} 

2022-11-09 22:35:58.550 DEBUG 925327 --- [           main] vaMessageConversionServiceImpl : Extracted property  enterpriseId 
2022-11-09 22:35:58.551 DEBUG 925327 --- [           main] vaMessageConversionServiceImpl : Extracted property  configurationId 
2022-11-09 22:35:58.551 DEBUG 925327 --- [           main] vaMessageConversionServiceImpl : Extracted property  name 
2022-11-09 22:35:58.551 DEBUG 925327 --- [           main] vaMessageConversionServiceImpl : Extracted property  serialNumber 
2022-11-09 22:35:58.551 DEBUG 925327 --- [           main] vaMessageConversionServiceImpl : Extracted property  modelNumber 
2022-11-09 22:35:58.551 DEBUG 925327 --- [           main] vaMessageConversionServiceImpl : Extracted property  description 
2022-11-09 22:35:58.551 DEBUG 925327 --- [           main] vaMessageConversionServiceImpl : Extracted property  siteId 
2022-11-09 22:35:58.551 DEBUG 925327 --- [           main] vaMessageConversionServiceImpl : Extracted property  siteCreated 
2022-11-09 22:35:58.552 DEBUG 925327 --- [           main] vaMessageConversionServiceImpl : Extracted property  siteLogicalId 
2022-11-09 22:35:58.552 DEBUG 925327 --- [           main] vaMessageConversionServiceImpl : Extracted property  siteCity 
2022-11-09 22:35:58.552 DEBUG 925327 --- [           main] vaMessageConversionServiceImpl : Extracted property  siteContactEmail 
2022-11-09 22:35:58.552 DEBUG 925327 --- [           main] vaMessageConversionServiceImpl : Extracted property  siteContactMobile 
2022-11-09 22:35:58.552 DEBUG 925327 --- [           main] vaMessageConversionServiceImpl : Extracted property  siteContactName 
2022-11-09 22:35:58.552 DEBUG 925327 --- [           main] vaMessageConversionServiceImpl : Extracted property  siteContactPhone 
2022-11-09 22:35:58.552 DEBUG 925327 --- [           main] vaMessageConversionServiceImpl : Extracted property  siteCountry 
2022-11-09 22:35:58.553 DEBUG 925327 --- [           main] vaMessageConversionServiceImpl : Extracted property  siteLat 
2022-11-09 22:35:58.553 DEBUG 925327 --- [           main] vaMessageConversionServiceImpl : Extracted property  siteLon 
2022-11-09 22:35:58.553 DEBUG 925327 --- [           main] vaMessageConversionServiceImpl : Extracted property  siteName 
2022-11-09 22:35:58.553 DEBUG 925327 --- [           main] vaMessageConversionServiceImpl : Extracted property  sitePostalCode 
2022-11-09 22:35:58.553 DEBUG 925327 --- [           main] vaMessageConversionServiceImpl : Extracted property  siteState 
2022-11-09 22:35:58.553 DEBUG 925327 --- [           main] vaMessageConversionServiceImpl : Extracted property  siteStreetAddress 
2022-11-09 22:35:58.553 DEBUG 925327 --- [           main] vaMessageConversionServiceImpl : Extracted property  siteStreetAddress2 
2022-11-09 22:35:58.553 DEBUG 925327 --- [           main] vaMessageConversionServiceImpl : Extracted property  siteTimezone 
2022-11-09 22:35:58.554 DEBUG 925327 --- [           main] vaMessageConversionServiceImpl : Extracted property  siteLocale 
2022-11-09 22:35:58.554 DEBUG 925327 --- [           main] vaMessageConversionServiceImpl : Extracted property  siteShippingSameAsLocation 
2022-11-09 22:35:58.554 DEBUG 925327 --- [           main] vaMessageConversionServiceImpl : Extracted property  siteShippingSameAsLocation 
2022-11-09 22:35:58.554 DEBUG 925327 --- [           main] vaMessageConversionServiceImpl : Extracted property  siteShippingAddress 
2022-11-09 22:35:58.554 DEBUG 925327 --- [           main] vaMessageConversionServiceImpl : Extracted property  siteShippingAddres2 
2022-11-09 22:35:58.554 DEBUG 925327 --- [           main] vaMessageConversionServiceImpl : Extracted property  siteShippingCity 
2022-11-09 22:35:58.554 DEBUG 925327 --- [           main] vaMessageConversionServiceImpl : Extracted property  siteshippingState 
2022-11-09 22:35:58.554 DEBUG 925327 --- [           main] vaMessageConversionServiceImpl : Extracted property  siteShippingCountry 
2022-11-09 22:35:58.555 DEBUG 925327 --- [           main] vaMessageConversionServiceImpl : Extracted property  siteShippingPostalCode 
2022-11-09 22:35:58.555 DEBUG 925327 --- [           main] vaMessageConversionServiceImpl : Extracted property  siteModified 
2022-11-09 22:35:58.555 DEBUG 925327 --- [           main] vaMessageConversionServiceImpl : Extracted property  hasEnabled 
2022-11-09 22:35:58.555 DEBUG 925327 --- [           main] vaMessageConversionServiceImpl : Extracted property  generateCertificate 
2022-11-09 22:35:58.555 DEBUG 925327 --- [           main] vaMessageConversionServiceImpl : Extracted property  subjectCN 
2022-11-09 22:35:58.555 DEBUG 925327 --- [           main] vaMessageConversionServiceImpl : Extracted property  subjectO 
2022-11-09 22:35:58.555 DEBUG 925327 --- [           main] vaMessageConversionServiceImpl : Extracted property  subjectOU 
2022-11-09 22:35:58.555 DEBUG 925327 --- [           main] vaMessageConversionServiceImpl : Extracted property  challengePassword 
2022-11-09 22:35:58.556 DEBUG 925327 --- [           main] vaMessageConversionServiceImpl : Extracted property  privateKeyPassword 
2022-11-09 22:35:58.556 DEBUG 925327 --- [           main] vaMessageConversionServiceImpl : Extracted property  edgeLicenseId 
2022-11-09 22:35:58.556 DEBUG 925327 --- [           main] vaMessageConversionServiceImpl : Extracted property  customInfo 
2022-11-09 22:35:58.556 DEBUG 925327 --- [           main] vaMessageConversionServiceImpl : Extracted property  analyticsMode 
2022-11-09 22:35:58.556 DEBUG 925327 --- [           main] vaMessageConversionServiceImpl : Extracted property  generateToken 
2022-11-09 22:35:58.556 DEBUG 925327 --- [           main] vaMessageConversionServiceImpl : list of properties in template [enterpriseId, configurationId, name, serialNumber, modelNumber, description, siteId, siteCreated, siteLogicalId, siteCity, siteContactEmail, siteContactMobile, siteContactName, siteContactPhone, siteCountry, siteLat, siteLon, siteName, sitePostalCode, siteState, siteStreetAddress, siteStreetAddress2, siteTimezone, siteLocale, siteShippingSameAsLocation, siteShippingSameAsLocation, siteShippingAddress, siteShippingAddres2, siteShippingCity, siteshippingState, siteShippingCountry, siteShippingPostalCode, siteModified, hasEnabled, generateCertificate, subjectCN, subjectO, subjectOU, challengePassword, privateKeyPassword, edgeLicenseId, customInfo, analyticsMode, generateToken]
2022-11-09 22:35:58.557 DEBUG 925327 --- [           main] vaMessageConversionServiceImpl : property -->enterpriseId value ---> enterpriseId
2022-11-09 22:35:58.557 DEBUG 925327 --- [           main] vaMessageConversionServiceImpl : property -->configurationId value ---> configurationId
2022-11-09 22:35:58.557 DEBUG 925327 --- [           main] vaMessageConversionServiceImpl : property -->name value ---> name
2022-11-09 22:35:58.557 DEBUG 925327 --- [           main] vaMessageConversionServiceImpl : property -->serialNumber value ---> serialNumber
2022-11-09 22:35:58.557 DEBUG 925327 --- [           main] vaMessageConversionServiceImpl : property -->modelNumber value ---> modelNumber
2022-11-09 22:35:58.558 DEBUG 925327 --- [           main] vaMessageConversionServiceImpl : property -->description value ---> description
2022-11-09 22:35:58.558 DEBUG 925327 --- [           main] vaMessageConversionServiceImpl : property -->siteId value ---> 001
2022-11-09 22:35:58.558 DEBUG 925327 --- [           main] vaMessageConversionServiceImpl : property -->siteCreated value ---> create
2022-11-09 22:35:58.558 DEBUG 925327 --- [           main] vaMessageConversionServiceImpl : property -->siteLogicalId value ---> logicalId
2022-11-09 22:35:58.558 DEBUG 925327 --- [           main] vaMessageConversionServiceImpl : property -->siteCity value ---> siteCity
2022-11-09 22:35:58.558 DEBUG 925327 --- [           main] vaMessageConversionServiceImpl : property -->siteContactEmail value ---> siteContactEmail
2022-11-09 22:35:58.558 DEBUG 925327 --- [           main] vaMessageConversionServiceImpl : property -->siteContactMobile value ---> siteContactMobile
2022-11-09 22:35:58.558 DEBUG 925327 --- [           main] vaMessageConversionServiceImpl : property -->siteContactName value ---> siteContactName
2022-11-09 22:35:58.559 DEBUG 925327 --- [           main] vaMessageConversionServiceImpl : property -->siteContactPhone value ---> siteContactPhone
2022-11-09 22:35:58.559 DEBUG 925327 --- [           main] vaMessageConversionServiceImpl : property -->siteCountry value ---> siteCountry
2022-11-09 22:35:58.559 DEBUG 925327 --- [           main] vaMessageConversionServiceImpl : property -->siteLat value ---> siteLat
2022-11-09 22:35:58.559 DEBUG 925327 --- [           main] vaMessageConversionServiceImpl : property -->siteLon value ---> siteLon
2022-11-09 22:35:58.559 DEBUG 925327 --- [           main] vaMessageConversionServiceImpl : property -->siteName value ---> siteName
2022-11-09 22:35:58.559 DEBUG 925327 --- [           main] vaMessageConversionServiceImpl : property -->sitePostalCode value ---> sitePostalCode
2022-11-09 22:35:58.559 DEBUG 925327 --- [           main] vaMessageConversionServiceImpl : property -->siteState value ---> siteState
2022-11-09 22:35:58.559 DEBUG 925327 --- [           main] vaMessageConversionServiceImpl : property -->siteStreetAddress value ---> siteStreetAddress
2022-11-09 22:35:58.559 DEBUG 925327 --- [           main] vaMessageConversionServiceImpl : property -->siteStreetAddress2 value ---> siteStreetAddress2
2022-11-09 22:35:58.560 DEBUG 925327 --- [           main] vaMessageConversionServiceImpl : property -->siteTimezone value ---> ETC
2022-11-09 22:35:58.560 DEBUG 925327 --- [           main] vaMessageConversionServiceImpl : property -->siteLocale value ---> siteLocale
2022-11-09 22:35:58.560 DEBUG 925327 --- [           main] vaMessageConversionServiceImpl : property -->siteShippingSameAsLocation value ---> siteLocaleSameAsLocation
2022-11-09 22:35:58.560 DEBUG 925327 --- [           main] vaMessageConversionServiceImpl : property -->siteShippingSameAsLocation value ---> siteLocaleSameAsLocation
2022-11-09 22:35:58.560 DEBUG 925327 --- [           main] vaMessageConversionServiceImpl : property -->siteShippingAddress value ---> siteShippingAddress
2022-11-09 22:35:58.560 DEBUG 925327 --- [           main] vaMessageConversionServiceImpl : property -->siteShippingAddres2 value ---> siteShippingAddress2
2022-11-09 22:35:58.560 DEBUG 925327 --- [           main] vaMessageConversionServiceImpl : property -->siteShippingCity value ---> siteShippingCity
2022-11-09 22:35:58.560 DEBUG 925327 --- [           main] vaMessageConversionServiceImpl : property -->siteshippingState value ---> siteshippingState
2022-11-09 22:35:58.561 DEBUG 925327 --- [           main] vaMessageConversionServiceImpl : property -->siteShippingCountry value ---> siteShippingCountry
2022-11-09 22:35:58.561 DEBUG 925327 --- [           main] vaMessageConversionServiceImpl : property -->siteShippingPostalCode value ---> siteShippingPostalCode
2022-11-09 22:35:58.561 DEBUG 925327 --- [           main] vaMessageConversionServiceImpl : property -->siteModified value ---> siteModified
2022-11-09 22:35:58.561 DEBUG 925327 --- [           main] vaMessageConversionServiceImpl : property -->hasEnabled value ---> hasEnabled
2022-11-09 22:35:58.561 DEBUG 925327 --- [           main] vaMessageConversionServiceImpl : property -->generateCertificate value ---> generateCertificate
2022-11-09 22:35:58.561 DEBUG 925327 --- [           main] vaMessageConversionServiceImpl : property -->subjectCN value ---> subjectCN
2022-11-09 22:35:58.561 DEBUG 925327 --- [           main] vaMessageConversionServiceImpl : property -->subjectO value ---> subjectO
2022-11-09 22:35:58.561 DEBUG 925327 --- [           main] vaMessageConversionServiceImpl : property -->subjectOU value ---> subjectOU
2022-11-09 22:35:58.561 DEBUG 925327 --- [           main] vaMessageConversionServiceImpl : property -->challengePassword value ---> challengePassword
2022-11-09 22:35:58.562 DEBUG 925327 --- [           main] vaMessageConversionServiceImpl : property -->privateKeyPassword value ---> privateKeyPassword
2022-11-09 22:35:58.562 DEBUG 925327 --- [           main] vaMessageConversionServiceImpl : property -->edgeLicenseId value ---> edgeLicenseId
2022-11-09 22:35:58.562 DEBUG 925327 --- [           main] vaMessageConversionServiceImpl : property -->customInfo value ---> customInfo
2022-11-09 22:35:58.562 DEBUG 925327 --- [           main] vaMessageConversionServiceImpl : property -->analyticsMode value ---> analyticsMode
2022-11-09 22:35:58.562 DEBUG 925327 --- [           main] vaMessageConversionServiceImpl : property -->generateToken value ---> generateToken
2022-11-09 22:35:58.654  INFO 925327 --- [           main] vaMessageConversionServiceImpl : Message conversion script successfully run, returnVal is
{
  "enterpriseId": enterpriseId,
  "configurationId": configurationId,
  "name": name,
  "serialNumber": serialNumber,
  "modelNumber": modelNumber,
  "description": description,
  "site": {
  "id": 001,
    "created": create,
    "logicalId": logicalId,
    "city": siteCity,
    "contactEmail": siteContactEmail,
    "contactMobile": siteContactMobile,
    "contactName": siteContactName,
    "contactPhone": siteContactPhone,
    "country": siteCountry,
    "lat": siteLat,
    "lon": siteLon,
    "name": siteName,
    "postalCode": sitePostalCode,
    "state": siteState,
    "streetAddress": siteStreetAddress,
    "streetAddress2": siteStreetAddress2,
    "timezone": ETC,
    "locale": siteLocale,
    "shippingSameAsLocation": siteLocaleSameAsLocation,
    "shippingContactName": siteLocaleSameAsLocation,
    "shippingAddress": siteShippingAddress,
    "shippingAddress2": siteShippingAddress2,
    "shippingCity": siteShippingCity,
    "shippingState": siteshippingState,
    "shippingCountry": siteShippingCountry,
    "shippingPostalCode": siteShippingPostalCode,
    "modified": siteModified
  },
  "haEnabled": hasEnabled,
  "generateCertificate": generateCertificate,
  "subjectCN": subjectCN,
  "subjectO": subjectO,
  "subjectOU": subjectOU,
  "challengePassword": challengePassword,
  "privateKeyPassword": privateKeyPassword,
  "edgeLicenseId": edgeLicenseId,
  "customInfo": customInfo,
  "analyticsMode": analyticsMode,
  "generateToken": generateToken
}
2022-11-09 22:35:58.666 DEBUG 925327 --- [           main] vaMessageConversionServiceImpl : fullTemplateName  Create-NotFound.json 

2022-11-09 22:35:58.672 DEBUG 925327 --- [           main] vaMessageConversionServiceImpl : Map is {id=0, activationKey=myActivationKey, generatedCertificate={certificate=myCertficate, ca-certificate=myCaCertificate, privateKey=myPrivateKey, privateKeyPassword=myPrivateKeyPassword, csr=myCsr}}
2022-11-09 22:35:58.672 DEBUG 925327 --- [           main] vaMessageConversionServiceImpl : Map Size is 3
2022-11-09 22:35:58.774  WARN 925327 --- [ntainer#0-0-C-1] o.a.k.c.NetworkClient          : [Consumer clientId=consumer-${spring.application.name}-2, groupId=${spring.application.name}] Connection to node -1 (localhost/127.0.0.1:9092) could not be established. Broker may not be available.
2022-11-09 22:35:58.775  WARN 925327 --- [ntainer#0-0-C-1] o.a.k.c.NetworkClient          : [Consumer clientId=consumer-${spring.application.name}-2, groupId=${spring.application.name}] Bootstrap broker localhost:9092 (id: -1 rack: null) disconnected
2022-11-09 22:35:58.784  WARN 925327 --- [ntainer#0-0-C-1] o.a.k.c.NetworkClient          : [Consumer clientId=consumer-${spring.application.name}-1, groupId=${spring.application.name}] Connection to node -1 (localhost/127.0.0.1:9092) could not be established. Broker may not be available.
2022-11-09 22:35:58.785  WARN 925327 --- [ntainer#0-0-C-1] o.a.k.c.NetworkClient          : [Consumer clientId=consumer-${spring.application.name}-1, groupId=${spring.application.name}] Bootstrap broker localhost:9092 (id: -1 rack: null) disconnected
2022-11-09 22:35:58.943 ERROR 925327 --- [           main] kaInternalMessagingServiceImpl : Exception while generating message text from EdgeStatusMessage

com.fasterxml.jackson.core.JsonProcessingException: N/A

2022-11-09 22:35:58.985 DEBUG 925327 --- [           main] llingEdgeStatusServiceListener : Status received : READY
2022-11-09 22:35:58.986 DEBUG 925327 --- [           main] llingEdgeStatusServiceListener : Inside READY status exceution 
2022-11-09 22:35:58.987 DEBUG 925327 --- [           main] llingEdgeStatusServiceListener : Sending response to external Kafka Topic 
2022-11-09 22:35:58.998 DEBUG 925327 --- [           main] llingEdgeStatusServiceListener : Status received : NOT_READY
2022-11-09 22:35:58.999 DEBUG 925327 --- [           main] llingEdgeStatusServiceListener : Inside NOT_READY status exceution 
2022-11-09 22:35:59.000 DEBUG 925327 --- [           main] llingEdgeStatusServiceListener : Payload for getEdge API call getEdgeRequest
2022-11-09 22:35:59.001 DEBUG 925327 --- [           main] llingEdgeStatusServiceListener : Sending ready status to internal Kafka topic 
2022-11-09 22:35:59.007 DEBUG 925327 --- [           main] llingEdgeStatusServiceListener : Status received : NOT_READY
2022-11-09 22:35:59.007 DEBUG 925327 --- [           main] llingEdgeStatusServiceListener : Inside NOT_READY status exceution 
2022-11-09 22:35:59.008 DEBUG 925327 --- [           main] llingEdgeStatusServiceListener : Payload for getEdge API call getEdgeRequest
2022-11-09 22:35:59.016 DEBUG 925327 --- [           main] llingEdgeStatusServiceListener : Status received : NOT_READY
2022-11-09 22:35:59.016 DEBUG 925327 --- [           main] llingEdgeStatusServiceListener : Inside NOT_READY status exceution 
2022-11-09 22:35:59.016 DEBUG 925327 --- [           main] llingEdgeStatusServiceListener : Payload for getEdge API call getEdgeRequest
2022-11-09 22:35:59.017 DEBUG 925327 --- [           main] llingEdgeStatusServiceListener : Sending not_ready status to internal Kafka topic
2022-11-09 22:35:59.024 DEBUG 925327 --- [           main] llingEdgeStatusServiceListener : Status received : NOT_READY
2022-11-09 22:35:59.024 DEBUG 925327 --- [           main] llingEdgeStatusServiceListener : Inside NOT_READY status exceution 
2022-11-09 22:35:59.025 DEBUG 925327 --- [           main] llingEdgeStatusServiceListener : Payload for getEdge API call getEdgeRequest
2022-11-09 22:35:59.030 DEBUG 925327 --- [           main] c.i.s.v.u.FileUtils            : Found file called [templates/DeleteEdge.json], extracting...
2022-11-09 22:35:59.030 DEBUG 925327 --- [           main] c.i.s.v.u.FileUtils            : File content is
{
  "enterpriseId": {{ enterpriseId }},
  "id": {{ id }}
}
2022-11-09 22:35:59.288  INFO 925327 --- [ionShutdownHook] llingEdgeStatusServiceListener : Shutting down Delete Lifecycle Management Operation for EdgeStatus ...
2022-11-09 22:35:59.346  INFO 925327 --- [ionShutdownHook] llingEdgeStatusServiceListener : Shutting down Delete Lifecycle Management Operation for EdgeStatus ...
